<?xml version="1.0" encoding="UTF-8"?>
<!-- Generated by org.testng.reporters.JUnitReportReporter -->
<testsuite skipped="0" hostname="LAPTOP-4OVFA4F1" name="testScript.SinginPageTest" tests="4" failures="0" timestamp="18 Apr 2019 16:41:09 GMT" time="59.479" errors="0">
  <testcase name="VerifySinginpageTest" time="14.406" classname="testScript.SinginPageTest"/>
  <testcase name="Singintest" time="13.127" classname="testScript.SinginPageTest"/>
  <testcase name="VerifySinginpageTest" time="13.181" classname="testScript.SinginPageTest"/>
  <testcase name="VerifySinginpageTest" time="18.765" classname="testScript.SinginPageTest"/>
</testsuite> <!-- testScript.SinginPageTest -->
