<?xml version="1.0" encoding="UTF-8"?>
<!-- Generated by org.testng.reporters.JUnitReportReporter -->
<testsuite skipped="0" hostname="LAPTOP-4OVFA4F1" name="testScript.AddToCartTest" tests="2" failures="0" timestamp="17 Apr 2019 23:10:03 GMT" time="33.936" errors="0">
  <testcase name="GetTitle" time="15.213" classname="testScript.AddToCartTest"/>
  <testcase name="AddTOCartTest" time="18.723" classname="testScript.AddToCartTest"/>
</testsuite> <!-- testScript.AddToCartTest -->
