<?xml version="1.0" encoding="UTF-8"?>
<!-- Generated by org.testng.reporters.JUnitReportReporter -->
<testsuite skipped="0" hostname="LAPTOP-4OVFA4F1" name="testScript.TestWomenHomePage" tests="1" failures="0" timestamp="17 Apr 2019 20:30:50 GMT" time="14.884" errors="0">
  <testcase name="testHome" time="14.884" classname="testScript.TestWomenHomePage"/>
</testsuite> <!-- testScript.TestWomenHomePage -->
